0 info it worked if it ends with ok
1 verbose cli [ 'C:\\Program Files\\nodejs\\node.exe',
1 verbose cli   'C:\\Program Files\\nodejs\\node_modules\\npm\\bin\\npm-cli.js',
1 verbose cli   'run',
1 verbose cli   'tsc:w' ]
2 info using npm@4.1.2
3 info using node@v7.7.3
4 verbose run-script [ 'pretsc:w', 'tsc:w', 'posttsc:w' ]
5 info lifecycle sample@1.0.0~pretsc:w: sample@1.0.0
6 silly lifecycle sample@1.0.0~pretsc:w: no script for pretsc:w, continuing
7 info lifecycle sample@1.0.0~tsc:w: sample@1.0.0
8 verbose lifecycle sample@1.0.0~tsc:w: unsafe-perm in lifecycle true
9 verbose lifecycle sample@1.0.0~tsc:w: PATH: C:\Program Files\nodejs\node_modules\npm\bin\node-gyp-bin;C:\Users\Greater Sum\Documents\Code\Money\node_modules\.bin;C:\ProgramData\Oracle\Java\javapath;C:\WINDOWS\system32;C:\WINDOWS;C:\WINDOWS\System32\Wbem;C:\WINDOWS\System32\WindowsPowerShell\v1.0\;C:\Program Files (x86)\NVIDIA Corporation\PhysX\Common;C:\WINDOWS\system32;C:\WINDOWS;C:\WINDOWS\System32\Wbem;C:\WINDOWS\System32\WindowsPowerShell\v1.0\;C:\Program Files\Microsoft SQL Server\130\Tools\Binn\;C:\Program Files\dotnet\;C:\Program Files (x86)\WinMerge;C:\Program Files\TortoiseSVN\bin;C:\ProgramData\chocolatey\bin;C:\Program Files\nodejs\;C:\Program Files\Git\cmd;C:\Users\Greater Sum\AppData\Local\atom\bin;C:\Program Files (x86)\Microsoft VS Code\bin;C:\Users\Greater Sum\AppData\Local\Microsoft\WindowsApps;C:\Program Files\MongoDB\Server\3.4\bin;C:\Users\Greater Sum\AppData\Roaming\npm;C:\Program Files\Heroku\bin
10 verbose lifecycle sample@1.0.0~tsc:w: CWD: C:\Users\Greater Sum\Documents\Code\Money
11 silly lifecycle sample@1.0.0~tsc:w: Args: [ '/d /s /c', 'tsc -w' ]
12 silly lifecycle sample@1.0.0~tsc:w: Returned: code: 3221225786  signal: null
13 info lifecycle sample@1.0.0~tsc:w: Failed to exec tsc:w script
14 verbose stack Error: sample@1.0.0 tsc:w: `tsc -w`
14 verbose stack Exit status 3221225786
14 verbose stack     at EventEmitter.<anonymous> (C:\Program Files\nodejs\node_modules\npm\lib\utils\lifecycle.js:279:16)
14 verbose stack     at emitTwo (events.js:106:13)
14 verbose stack     at EventEmitter.emit (events.js:194:7)
14 verbose stack     at ChildProcess.<anonymous> (C:\Program Files\nodejs\node_modules\npm\lib\utils\spawn.js:40:14)
14 verbose stack     at emitTwo (events.js:106:13)
14 verbose stack     at ChildProcess.emit (events.js:194:7)
14 verbose stack     at maybeClose (internal/child_process.js:899:16)
14 verbose stack     at Process.ChildProcess._handle.onexit (internal/child_process.js:226:5)
15 verbose pkgid sample@1.0.0
16 verbose cwd C:\Users\Greater Sum\Documents\Code\Money
17 error Windows_NT 10.0.14393
18 error argv "C:\\Program Files\\nodejs\\node.exe" "C:\\Program Files\\nodejs\\node_modules\\npm\\bin\\npm-cli.js" "run" "tsc:w"
19 error node v7.7.3
20 error npm  v4.1.2
21 error code ELIFECYCLE
22 error sample@1.0.0 tsc:w: `tsc -w`
22 error Exit status 3221225786
23 error Failed at the sample@1.0.0 tsc:w script 'tsc -w'.
23 error Make sure you have the latest version of node.js and npm installed.
23 error If you do, this is most likely a problem with the sample package,
23 error not with npm itself.
23 error Tell the author that this fails on your system:
23 error     tsc -w
23 error You can get information on how to open an issue for this project with:
23 error     npm bugs sample
23 error Or if that isn't available, you can get their info via:
23 error     npm owner ls sample
23 error There is likely additional logging output above.
24 verbose exit [ 1, true ]
